<?xml version="1.0" encoding="UTF-8" ?>
<testsuite failures="0" time="0.02" errors="0" skipped="0" tests="16" name="com.wakaleo.gameoflife.domain.WhenYouCreateAGrid">
  <properties>
[...]
</properties>
  <testcase time="0.01" classname="com.wakaleo.gameoflife.domain.WhenYouCreateAGrid" name="shouldBeAbleToCountLiveNeighboursOfACell"/>
  <testcase time="0" classname="com.wakaleo.gameoflife.domain.WhenYouCreateAGrid" name="shouldBeAbleToReadTheStateOfADeadCell"/>
  <testcase time="0.001" classname="com.wakaleo.gameoflife.domain.WhenYouCreateAGrid" name="theGridContentsAsAnArrayShouldBeTheCorrectSize"/>
  <testcase time="0" classname="com.wakaleo.gameoflife.domain.WhenYouCreateAGrid" name="shouldBeAbleToSeedAGridWithAString"/>
  <testcase time="0" classname="com.wakaleo.gameoflife.domain.WhenYouCreateAGrid" name="shouldBeAbleToSeedAGridWithANonEmptyString"/>
  <testcase time="0.001" classname="com.wakaleo.gameoflife.domain.WhenYouCreateAGrid" name="aNewGridShouldBeEmpty"/>
  <testcase time="0" classname="com.wakaleo.gameoflife.domain.WhenYouCreateAGrid" name="shouldBeAbleToReadTheWidthOfTheGrid"/>
  <testcase time="0.001" classname="com.wakaleo.gameoflife.domain.WhenYouCreateAGrid" name="shouldBeAbleToCountLiveNeighboursOfACellOnBoundaries"/>
  <testcase time="0" classname="com.wakaleo.gameoflife.domain.WhenYouCreateAGrid" name="ModifyingTheGridContentsAsAnArrayShouldNotModifyTheOriginalContents"/>
  <testcase time="0" classname="com.wakaleo.gameoflife.domain.WhenYouCreateAGrid" name="shouldNotCountTheTargetCellAsANeighbour"/>
  <testcase time="0" classname="com.wakaleo.gameoflife.domain.WhenYouCreateAGrid" name="shouldBeAbleToReadTheStateOfALivingCell"/>
  <testcase time="0" classname="com.wakaleo.gameoflife.domain.WhenYouCreateAGrid" name="shouldBeAbleToReadTheHeightOfTheGrid"/>
  <testcase time="0" classname="com.wakaleo.gameoflife.domain.WhenYouCreateAGrid" name="shouldBeAbleToCountLiveNeighboursOfACellInTheMiddleOfTheGrid"/>
  <testcase time="0" classname="com.wakaleo.gameoflife.domain.WhenYouCreateAGrid" name="shouldBeAbleToCountLiveNeighboursOfACellOnDiagonalsAndStraightLines"/>
  <testcase time="0.001" classname="com.wakaleo.gameoflife.domain.WhenYouCreateAGrid" name="shouldBeAbleToObtainTheGridContentsAsAnArray"/>
  <testcase time="0" classname="com.wakaleo.gameoflife.domain.WhenYouCreateAGrid" name="shouldBeAbleToCountLiveNeighboursOfACellOnAnotherLine"/>
</testsuite>